value
words
All Streams
Lead to
Kafka
Go to
Kafka Summit
How can
a 10 ounce
bird carry a
5lb coconut
value
words
All Streams
Lead to
Kafka
Go to
Kafka Summit
How can
a 10 ounce
bird carry a
5lb coconut
value
words
All Streams
Lead to
Kafka
Go to
Kafka Summit
How can
a 10 ounce
bird carry a
5lb coconut
value
words
All Streams
Lead to
Kafka
Go to
Kafka Summit
How can
a 10 ounce
bird carry a
5lb coconut
value
words
All Streams
Lead to
Kafka
Go to
Kafka Summit
How can
a 10 ounce
bird carry a
5lb coconut
value
words
All Streams
Lead to
Kafka
Go to
Kafka Summit
How can
a 10 ounce
bird carry a
5lb coconut
Este
e
um
teste
com
Kafka
Este
e
um
teste
com
Kafka
Nova Mensagem
